<?xml version="1.0" encoding="UTF-8"?>
<!-- Generated by org.testng.reporters.JUnitReportReporter -->
<testsuite hostname="LakshmiP-L460" name="com.lakshmi.dev.framework.SimpleTestClass" tests="2" failures="0" timestamp="4 Mar 2017 18:42:25 GMT" time="3.168" errors="0">
  <testcase name="testMethod2" time="0.000" classname="com.lakshmi.dev.framework.SimpleTestClass"/>
  <testcase name="testMethod" time="3.168" classname="com.lakshmi.dev.framework.SimpleTestClass"/>
</testsuite> <!-- com.lakshmi.dev.framework.SimpleTestClass -->
