<?xml version="1.0" encoding="UTF-8"?>
<!-- Generated by org.testng.reporters.JUnitReportReporter -->
<testsuite hostname="LakshmiP-L460" name="TestngProg.Firsttestcase" tests="3" failures="0" timestamp="11 Jan 2017 11:32:23 GMT" time="0.018" errors="0">
  <testcase name="First" time="0.003" classname="TestngProg.Firsttestcase"/>
  <testcase name="Second" time="0.012" classname="TestngProg.Firsttestcase"/>
  <testcase name="Third" time="0.003" classname="TestngProg.Firsttestcase"/>
</testsuite> <!-- TestngProg.Firsttestcase -->
