<?xml version="1.0" encoding="UTF-8"?>
<!-- Generated by org.testng.reporters.JUnitReportReporter -->
<testsuite hostname="LakshmiP-L460" name="Krishnaquestions.fourthtestcase" tests="1" failures="0" timestamp="20 Jan 2017 06:43:32 GMT" time="0.012" errors="0">
  <testcase name="f" time="0.012" classname="Krishnaquestions.fourthtestcase"/>
</testsuite> <!-- Krishnaquestions.fourthtestcase -->
