<?xml version="1.0" encoding="UTF-8"?>
<!-- Generated by org.testng.reporters.JUnitReportReporter -->
<testsuite hostname="LakshmiP-L460" name="com.lakshmi.dev.framework.SimpleTestClass" tests="2" failures="0" timestamp="4 Mar 2017 18:16:58 GMT" time="3.144" errors="0">
  <testcase name="testMethod" time="3.140" classname="com.lakshmi.dev.framework.SimpleTestClass"/>
  <testcase name="testMethod2" time="0.004" classname="com.lakshmi.dev.framework.SimpleTestClass"/>
</testsuite> <!-- com.lakshmi.dev.framework.SimpleTestClass -->
