<?xml version="1.0" encoding="UTF-8"?>
<!-- Generated by org.testng.reporters.JUnitReportReporter -->
<testsuite hostname="LakshmiP-L460" name="Testscripts.testCase3" tests="1" failures="0" timestamp="9 Mar 2017 19:11:15 GMT" time="3.199" errors="0">
  <testcase name="testMethod" time="3.199" classname="Testscripts.testCase3"/>
</testsuite> <!-- Testscripts.testCase3 -->
